Analysis & Synthesis report for SerialCom
Sat Oct 12 11:55:46 2024
Quartus Prime Version 23.1std.1 Build 993 05/14/2024 SC Lite Edition


---------------------
; Table of Contents ;
---------------------
  1. Legal Notice
  2. Analysis & Synthesis Summary
  3. Analysis & Synthesis Settings
  4. Parallel Compilation
  5. Analysis & Synthesis Source Files Read
  6. Analysis & Synthesis Resource Usage Summary
  7. Analysis & Synthesis Resource Utilization by Entity
  8. State Machine - |uart_fpga_top|uart_rx:uart_rx_inst|r_SM_Main
  9. State Machine - |uart_fpga_top|uart_tx:uart_tx_inst|r_SM_Main
 10. Registers Removed During Synthesis
 11. General Register Statistics
 12. Inverted Register Statistics
 13. Multiplexer Restructuring Statistics (Restructuring Performed)
 14. Parameter Settings for User Entity Instance: uart_tx:uart_tx_inst
 15. Parameter Settings for User Entity Instance: uart_rx:uart_rx_inst
 16. Port Connectivity Checks: "uart_tx:uart_tx_inst"
 17. Post-Synthesis Netlist Statistics for Top Partition
 18. Elapsed Time Per Partition
 19. Analysis & Synthesis Messages



----------------
; Legal Notice ;
----------------
Copyright (C) 2024  Intel Corporation. All rights reserved.
Your use of Intel Corporation's design tools, logic functions 
and other software and tools, and any partner logic 
functions, and any output files from any of the foregoing 
(including device programming or simulation files), and any 
associated documentation or information are expressly subject 
to the terms and conditions of the Intel Program License 
Subscription Agreement, the Intel Quartus Prime License Agreement,
the Intel FPGA IP License Agreement, or other applicable license
agreement, including, without limitation, that your use is for
the sole purpose of programming logic devices manufactured by
Intel and sold by Intel or its authorized distributors.  Please
refer to the applicable agreement for further details, at
https://fpgasoftware.intel.com/eula.



+----------------------------------------------------------------------------------+
; Analysis & Synthesis Summary                                                     ;
+---------------------------------+------------------------------------------------+
; Analysis & Synthesis Status     ; Successful - Sat Oct 12 11:55:46 2024          ;
; Quartus Prime Version           ; 23.1std.1 Build 993 05/14/2024 SC Lite Edition ;
; Revision Name                   ; SerialCom                                      ;
; Top-level Entity Name           ; uart_fpga_top                                  ;
; Family                          ; Cyclone V                                      ;
; Logic utilization (in ALMs)     ; N/A                                            ;
; Total registers                 ; 81                                             ;
; Total pins                      ; 21                                             ;
; Total virtual pins              ; 0                                              ;
; Total block memory bits         ; 0                                              ;
; Total DSP Blocks                ; 0                                              ;
; Total HSSI RX PCSs              ; 0                                              ;
; Total HSSI PMA RX Deserializers ; 0                                              ;
; Total HSSI TX PCSs              ; 0                                              ;
; Total HSSI PMA TX Serializers   ; 0                                              ;
; Total PLLs                      ; 0                                              ;
; Total DLLs                      ; 0                                              ;
+---------------------------------+------------------------------------------------+


+---------------------------------------------------------------------------------------------------------------------------+
; Analysis & Synthesis Settings                                                                                             ;
+---------------------------------------------------------------------------------+--------------------+--------------------+
; Option                                                                          ; Setting            ; Default Value      ;
+---------------------------------------------------------------------------------+--------------------+--------------------+
; Device                                                                          ; 5CSXFC6D6F31C6     ;                    ;
; Top-level entity name                                                           ; uart_fpga_top      ; SerialCom          ;
; Family name                                                                     ; Cyclone V          ; Cyclone V          ;
; Use smart compilation                                                           ; Off                ; Off                ;
; Enable parallel Assembler and Timing Analyzer during compilation                ; On                 ; On                 ;
; Enable compact report table                                                     ; Off                ; Off                ;
; Restructure Multiplexers                                                        ; Auto               ; Auto               ;
; MLAB Add Timing Constraints For Mixed-Port Feed-Through Mode Setting Don't Care ; Off                ; Off                ;
; Create Debugging Nodes for IP Cores                                             ; Off                ; Off                ;
; Preserve fewer node names                                                       ; On                 ; On                 ;
; Intel FPGA IP Evaluation Mode                                                   ; Enable             ; Enable             ;
; Verilog Version                                                                 ; Verilog_2001       ; Verilog_2001       ;
; VHDL Version                                                                    ; VHDL_1993          ; VHDL_1993          ;
; State Machine Processing                                                        ; Auto               ; Auto               ;
; Safe State Machine                                                              ; Off                ; Off                ;
; Extract Verilog State Machines                                                  ; On                 ; On                 ;
; Extract VHDL State Machines                                                     ; On                 ; On                 ;
; Ignore Verilog initial constructs                                               ; Off                ; Off                ;
; Iteration limit for constant Verilog loops                                      ; 5000               ; 5000               ;
; Iteration limit for non-constant Verilog loops                                  ; 250                ; 250                ;
; Add Pass-Through Logic to Inferred RAMs                                         ; On                 ; On                 ;
; Infer RAMs from Raw Logic                                                       ; On                 ; On                 ;
; Parallel Synthesis                                                              ; On                 ; On                 ;
; DSP Block Balancing                                                             ; Auto               ; Auto               ;
; NOT Gate Push-Back                                                              ; On                 ; On                 ;
; Power-Up Don't Care                                                             ; On                 ; On                 ;
; Remove Redundant Logic Cells                                                    ; Off                ; Off                ;
; Remove Duplicate Registers                                                      ; On                 ; On                 ;
; Ignore CARRY Buffers                                                            ; Off                ; Off                ;
; Ignore CASCADE Buffers                                                          ; Off                ; Off                ;
; Ignore GLOBAL Buffers                                                           ; Off                ; Off                ;
; Ignore ROW GLOBAL Buffers                                                       ; Off                ; Off                ;
; Ignore LCELL Buffers                                                            ; Off                ; Off                ;
; Ignore SOFT Buffers                                                             ; On                 ; On                 ;
; Limit AHDL Integers to 32 Bits                                                  ; Off                ; Off                ;
; Optimization Technique                                                          ; Balanced           ; Balanced           ;
; Carry Chain Length                                                              ; 70                 ; 70                 ;
; Auto Carry Chains                                                               ; On                 ; On                 ;
; Auto Open-Drain Pins                                                            ; On                 ; On                 ;
; Perform WYSIWYG Primitive Resynthesis                                           ; Off                ; Off                ;
; Auto ROM Replacement                                                            ; On                 ; On                 ;
; Auto RAM Replacement                                                            ; On                 ; On                 ;
; Auto DSP Block Replacement                                                      ; On                 ; On                 ;
; Auto Shift Register Replacement                                                 ; Auto               ; Auto               ;
; Allow Shift Register Merging across Hierarchies                                 ; Auto               ; Auto               ;
; Auto Clock Enable Replacement                                                   ; On                 ; On                 ;
; Strict RAM Replacement                                                          ; Off                ; Off                ;
; Allow Synchronous Control Signals                                               ; On                 ; On                 ;
; Force Use of Synchronous Clear Signals                                          ; Off                ; Off                ;
; Auto Resource Sharing                                                           ; Off                ; Off                ;
; Allow Any RAM Size For Recognition                                              ; Off                ; Off                ;
; Allow Any ROM Size For Recognition                                              ; Off                ; Off                ;
; Allow Any Shift Register Size For Recognition                                   ; Off                ; Off                ;
; Use LogicLock Constraints during Resource Balancing                             ; On                 ; On                 ;
; Ignore translate_off and synthesis_off directives                               ; Off                ; Off                ;
; Timing-Driven Synthesis                                                         ; On                 ; On                 ;
; Report Parameter Settings                                                       ; On                 ; On                 ;
; Report Source Assignments                                                       ; On                 ; On                 ;
; Report Connectivity Checks                                                      ; On                 ; On                 ;
; Ignore Maximum Fan-Out Assignments                                              ; Off                ; Off                ;
; Synchronization Register Chain Length                                           ; 3                  ; 3                  ;
; Power Optimization During Synthesis                                             ; Normal compilation ; Normal compilation ;
; HDL message level                                                               ; Level2             ; Level2             ;
; Suppress Register Optimization Related Messages                                 ; Off                ; Off                ;
; Number of Removed Registers Reported in Synthesis Report                        ; 5000               ; 5000               ;
; Number of Swept Nodes Reported in Synthesis Report                              ; 5000               ; 5000               ;
; Number of Inverted Registers Reported in Synthesis Report                       ; 100                ; 100                ;
; Clock MUX Protection                                                            ; On                 ; On                 ;
; Auto Gated Clock Conversion                                                     ; Off                ; Off                ;
; Block Design Naming                                                             ; Auto               ; Auto               ;
; SDC constraint protection                                                       ; Off                ; Off                ;
; Synthesis Effort                                                                ; Auto               ; Auto               ;
; Shift Register Replacement - Allow Asynchronous Clear Signal                    ; On                 ; On                 ;
; Pre-Mapping Resynthesis Optimization                                            ; Off                ; Off                ;
; Analysis & Synthesis Message Level                                              ; Medium             ; Medium             ;
; Disable Register Merging Across Hierarchies                                     ; Auto               ; Auto               ;
; Resource Aware Inference For Block RAM                                          ; On                 ; On                 ;
; Automatic Parallel Synthesis                                                    ; On                 ; On                 ;
; Partial Reconfiguration Bitstream ID                                            ; Off                ; Off                ;
+---------------------------------------------------------------------------------+--------------------+--------------------+


+------------------------------------------+
; Parallel Compilation                     ;
+----------------------------+-------------+
; Processors                 ; Number      ;
+----------------------------+-------------+
; Number detected on machine ; 16          ;
; Maximum allowed            ; 16          ;
;                            ;             ;
; Average used               ; 1.00        ;
; Maximum used               ; 16          ;
;                            ;             ;
; Usage by Processor         ; % Time Used ;
;     Processor 1            ; 100.0%      ;
;     Processors 2-16        ;   0.0%      ;
+----------------------------+-------------+


+--------------------------------------------------------------------------------------------------------------------------------------------------------------------------------------------------------------------------------------------------------------------------+
; Analysis & Synthesis Source Files Read                                                                                                                                                                                                                                   ;
+----------------------------------+-----------------+------------------------------+----------------------------------------------------------------------------------------------------------------------------------------------------------------------------+---------+
; File Name with User-Entered Path ; Used in Netlist ; File Type                    ; File Name with Absolute Path                                                                                                                                               ; Library ;
+----------------------------------+-----------------+------------------------------+----------------------------------------------------------------------------------------------------------------------------------------------------------------------------+---------+
; uart_tx.sv                       ; yes             ; User SystemVerilog HDL File  ; C:/Users/Adriel/Desktop/Informacion-de-Prioridad/TEC/2024/Semestre_2/FAC/Evaluaciones/ProyectoGrupal1/-mvasquez-_compu_archi_found_2G1_2024/SPIorUARTconf/uart_tx.sv       ;         ;
; uart_rx.sv                       ; yes             ; User SystemVerilog HDL File  ; C:/Users/Adriel/Desktop/Informacion-de-Prioridad/TEC/2024/Semestre_2/FAC/Evaluaciones/ProyectoGrupal1/-mvasquez-_compu_archi_found_2G1_2024/SPIorUARTconf/uart_rx.sv       ;         ;
; uart_fpga_top.sv                 ; yes             ; User SystemVerilog HDL File  ; C:/Users/Adriel/Desktop/Informacion-de-Prioridad/TEC/2024/Semestre_2/FAC/Evaluaciones/ProyectoGrupal1/-mvasquez-_compu_archi_found_2G1_2024/SPIorUARTconf/uart_fpga_top.sv ;         ;
+----------------------------------+-----------------+------------------------------+----------------------------------------------------------------------------------------------------------------------------------------------------------------------------+---------+


+-----------------------------------------------------------+
; Analysis & Synthesis Resource Usage Summary               ;
+---------------------------------------------+-------------+
; Resource                                    ; Usage       ;
+---------------------------------------------+-------------+
; Estimate of Logic utilization (ALMs needed) ; 60          ;
;                                             ;             ;
; Combinational ALUT usage for logic          ; 90          ;
;     -- 7 input functions                    ; 6           ;
;     -- 6 input functions                    ; 20          ;
;     -- 5 input functions                    ; 12          ;
;     -- 4 input functions                    ; 7           ;
;     -- <=3 input functions                  ; 45          ;
;                                             ;             ;
; Dedicated logic registers                   ; 81          ;
;                                             ;             ;
; I/O pins                                    ; 21          ;
;                                             ;             ;
; Total DSP Blocks                            ; 0           ;
;                                             ;             ;
; Maximum fan-out node                        ; clock~input ;
; Maximum fan-out                             ; 81          ;
; Total fan-out                               ; 635         ;
; Average fan-out                             ; 2.98        ;
+---------------------------------------------+-------------+


+----------------------------------------------------------------------------------------------------------------------------------------------------------------------------------------------------------+
; Analysis & Synthesis Resource Utilization by Entity                                                                                                                                                      ;
+----------------------------+---------------------+---------------------------+-------------------+------------+------+--------------+-------------------------------------+---------------+--------------+
; Compilation Hierarchy Node ; Combinational ALUTs ; Dedicated Logic Registers ; Block Memory Bits ; DSP Blocks ; Pins ; Virtual Pins ; Full Hierarchy Name                 ; Entity Name   ; Library Name ;
+----------------------------+---------------------+---------------------------+-------------------+------------+------+--------------+-------------------------------------+---------------+--------------+
; |uart_fpga_top             ; 90 (2)              ; 81 (20)                   ; 0                 ; 0          ; 21   ; 0            ; |uart_fpga_top                      ; uart_fpga_top ; work         ;
;    |uart_rx:uart_rx_inst|  ; 53 (53)             ; 35 (35)                   ; 0                 ; 0          ; 0    ; 0            ; |uart_fpga_top|uart_rx:uart_rx_inst ; uart_rx       ; work         ;
;    |uart_tx:uart_tx_inst|  ; 35 (35)             ; 26 (26)                   ; 0                 ; 0          ; 0    ; 0            ; |uart_fpga_top|uart_tx:uart_tx_inst ; uart_tx       ; work         ;
+----------------------------+---------------------+---------------------------+-------------------+------------+------+--------------+-------------------------------------+---------------+--------------+
Note: For table entries with two numbers listed, the numbers in parentheses indicate the number of resources of the given type used by the specific entity alone. The numbers listed outside of parentheses indicate the total resources of the given type used by the specific entity and all of its sub-entities in the hierarchy.


Encoding Type:  One-Hot
+---------------------------------------------------------------------------------------------------------------------------------------------------+
; State Machine - |uart_fpga_top|uart_rx:uart_rx_inst|r_SM_Main                                                                                     ;
+--------------------------+-------------------------+--------------------------+--------------------------+------------------+---------------------+
; Name                     ; r_SM_Main.s_RX_STOP_BIT ; r_SM_Main.s_RX_DATA_BITS ; r_SM_Main.s_RX_START_BIT ; r_SM_Main.s_IDLE ; r_SM_Main.s_CLEANUP ;
+--------------------------+-------------------------+--------------------------+--------------------------+------------------+---------------------+
; r_SM_Main.s_IDLE         ; 0                       ; 0                        ; 0                        ; 0                ; 0                   ;
; r_SM_Main.s_RX_START_BIT ; 0                       ; 0                        ; 1                        ; 1                ; 0                   ;
; r_SM_Main.s_RX_DATA_BITS ; 0                       ; 1                        ; 0                        ; 1                ; 0                   ;
; r_SM_Main.s_RX_STOP_BIT  ; 1                       ; 0                        ; 0                        ; 1                ; 0                   ;
; r_SM_Main.s_CLEANUP      ; 0                       ; 0                        ; 0                        ; 1                ; 1                   ;
+--------------------------+-------------------------+--------------------------+--------------------------+------------------+---------------------+


Encoding Type:  One-Hot
+---------------------------------------------------------------------------------------------------------------------------------------------------+
; State Machine - |uart_fpga_top|uart_tx:uart_tx_inst|r_SM_Main                                                                                     ;
+--------------------------+-------------------------+--------------------------+--------------------------+------------------+---------------------+
; Name                     ; r_SM_Main.s_TX_STOP_BIT ; r_SM_Main.s_TX_DATA_BITS ; r_SM_Main.s_TX_START_BIT ; r_SM_Main.s_IDLE ; r_SM_Main.s_CLEANUP ;
+--------------------------+-------------------------+--------------------------+--------------------------+------------------+---------------------+
; r_SM_Main.s_IDLE         ; 0                       ; 0                        ; 0                        ; 0                ; 0                   ;
; r_SM_Main.s_TX_START_BIT ; 0                       ; 0                        ; 1                        ; 1                ; 0                   ;
; r_SM_Main.s_TX_DATA_BITS ; 0                       ; 1                        ; 0                        ; 1                ; 0                   ;
; r_SM_Main.s_TX_STOP_BIT  ; 1                       ; 0                        ; 0                        ; 1                ; 0                   ;
; r_SM_Main.s_CLEANUP      ; 0                       ; 0                        ; 0                        ; 1                ; 1                   ;
+--------------------------+-------------------------+--------------------------+--------------------------+------------------+---------------------+


+------------------------------------------------------------+
; Registers Removed During Synthesis                         ;
+---------------------------------------+--------------------+
; Register name                         ; Reason for Removal ;
+---------------------------------------+--------------------+
; uart_rx:uart_rx_inst|r_SM_Main~7      ; Lost fanout        ;
; uart_rx:uart_rx_inst|r_SM_Main~8      ; Lost fanout        ;
; uart_tx:uart_tx_inst|r_SM_Main~2      ; Lost fanout        ;
; uart_tx:uart_tx_inst|r_SM_Main~3      ; Lost fanout        ;
; Total Number of Removed Registers = 4 ;                    ;
+---------------------------------------+--------------------+


+------------------------------------------------------+
; General Register Statistics                          ;
+----------------------------------------------+-------+
; Statistic                                    ; Value ;
+----------------------------------------------+-------+
; Total registers                              ; 81    ;
; Number of registers using Synchronous Clear  ; 32    ;
; Number of registers using Synchronous Load   ; 0     ;
; Number of registers using Asynchronous Clear ; 20    ;
; Number of registers using Asynchronous Load  ; 0     ;
; Number of registers using Clock Enable       ; 48    ;
; Number of registers using Preset             ; 0     ;
+----------------------------------------------+-------+


+--------------------------------------------------+
; Inverted Register Statistics                     ;
+----------------------------------------+---------+
; Inverted Register                      ; Fan out ;
+----------------------------------------+---------+
; uart_rx:uart_rx_inst|r_Rx_Data         ; 10      ;
; button_sync1                           ; 2       ;
; button_prev                            ; 1       ;
; uart_rx:uart_rx_inst|r_Rx_Data_R       ; 1       ;
; button_sync0                           ; 1       ;
; Total number of inverted registers = 5 ;         ;
+----------------------------------------+---------+


+---------------------------------------------------------------------------------------------------------------------------------------------------------------------+
; Multiplexer Restructuring Statistics (Restructuring Performed)                                                                                                      ;
+--------------------+-----------+---------------+----------------------+------------------------+------------+-------------------------------------------------------+
; Multiplexer Inputs ; Bus Width ; Baseline Area ; Area if Restructured ; Saving if Restructured ; Registered ; Example Multiplexer Output                            ;
+--------------------+-----------+---------------+----------------------+------------------------+------------+-------------------------------------------------------+
; 4:1                ; 16 bits   ; 32 LEs        ; 0 LEs                ; 32 LEs                 ; Yes        ; |uart_fpga_top|uart_tx:uart_tx_inst|r_Clock_Count[11] ;
; 7:1                ; 16 bits   ; 64 LEs        ; 0 LEs                ; 64 LEs                 ; Yes        ; |uart_fpga_top|uart_rx:uart_rx_inst|r_Clock_Count[5]  ;
; 3:1                ; 3 bits    ; 6 LEs         ; 6 LEs                ; 0 LEs                  ; No         ; |uart_fpga_top|uart_rx:uart_rx_inst|r_Bit_Index       ;
; 3:1                ; 3 bits    ; 6 LEs         ; 6 LEs                ; 0 LEs                  ; No         ; |uart_fpga_top|uart_tx:uart_tx_inst|r_Bit_Index       ;
+--------------------+-----------+---------------+----------------------+------------------------+------------+-------------------------------------------------------+


+-------------------------------------------------------------------+
; Parameter Settings for User Entity Instance: uart_tx:uart_tx_inst ;
+----------------+-------+------------------------------------------+
; Parameter Name ; Value ; Type                                     ;
+----------------+-------+------------------------------------------+
; CLKS_PER_BIT   ; 5208  ; Signed Integer                           ;
+----------------+-------+------------------------------------------+
Note: In order to hide this table in the UI and the text report file, please set the "Show Parameter Settings in Synthesis Report" option in "Analysis and Synthesis Settings -> More Settings" to "Off".


+-------------------------------------------------------------------+
; Parameter Settings for User Entity Instance: uart_rx:uart_rx_inst ;
+----------------+-------+------------------------------------------+
; Parameter Name ; Value ; Type                                     ;
+----------------+-------+------------------------------------------+
; CLKS_PER_BIT   ; 5208  ; Signed Integer                           ;
+----------------+-------+------------------------------------------+
Note: In order to hide this table in the UI and the text report file, please set the "Show Parameter Settings in Synthesis Report" option in "Analysis and Synthesis Settings -> More Settings" to "Off".


+---------------------------------------------------------------------------------------------------------------------+
; Port Connectivity Checks: "uart_tx:uart_tx_inst"                                                                    ;
+-----------+--------+----------+-------------------------------------------------------------------------------------+
; Port      ; Type   ; Severity ; Details                                                                             ;
+-----------+--------+----------+-------------------------------------------------------------------------------------+
; o_Tx_Done ; Output ; Info     ; Connected to dangling logic. Logic that only feeds a dangling port will be removed. ;
+-----------+--------+----------+-------------------------------------------------------------------------------------+


+-----------------------------------------------------+
; Post-Synthesis Netlist Statistics for Top Partition ;
+-----------------------+-----------------------------+
; Type                  ; Count                       ;
+-----------------------+-----------------------------+
; arriav_ff             ; 81                          ;
;     CLR               ; 4                           ;
;     ENA CLR           ; 16                          ;
;     ENA SCLR          ; 32                          ;
;     plain             ; 29                          ;
; arriav_lcell_comb     ; 90                          ;
;     arith             ; 32                          ;
;         1 data inputs ; 32                          ;
;     extend            ; 6                           ;
;         7 data inputs ; 6                           ;
;     normal            ; 52                          ;
;         1 data inputs ; 2                           ;
;         2 data inputs ; 4                           ;
;         3 data inputs ; 7                           ;
;         4 data inputs ; 7                           ;
;         5 data inputs ; 12                          ;
;         6 data inputs ; 20                          ;
; boundary_port         ; 21                          ;
;                       ;                             ;
; Max LUT depth         ; 4.00                        ;
; Average LUT depth     ; 2.23                        ;
+-----------------------+-----------------------------+


+-------------------------------+
; Elapsed Time Per Partition    ;
+----------------+--------------+
; Partition Name ; Elapsed Time ;
+----------------+--------------+
; Top            ; 00:00:00     ;
+----------------+--------------+


+-------------------------------+
; Analysis & Synthesis Messages ;
+-------------------------------+
Info: *******************************************************************
Info: Running Quartus Prime Analysis & Synthesis
    Info: Version 23.1std.1 Build 993 05/14/2024 SC Lite Edition
    Info: Processing started: Sat Oct 12 11:55:40 2024
Info: Command: quartus_map --read_settings_files=on --write_settings_files=off SerialCom -c SerialCom
Warning (18236): Number of processors has not been specified which may cause overloading on shared machines.  Set the global assignment NUM_PARALLEL_PROCESSORS in your QSF to an appropriate value for best performance.
Info (20030): Parallel compilation is enabled and will use 16 of the 16 processors detected
Info (12021): Found 1 design units, including 1 entities, in source file uart_tx.sv
    Info (12023): Found entity 1: uart_tx File: C:/Users/Adriel/Desktop/Informacion-de-Prioridad/TEC/2024/Semestre_2/FAC/Evaluaciones/ProyectoGrupal1/-mvasquez-_compu_archi_found_2G1_2024/SPIorUARTconf/uart_tx.sv Line: 1
Info (12021): Found 1 design units, including 1 entities, in source file uart_rx.sv
    Info (12023): Found entity 1: uart_rx File: C:/Users/Adriel/Desktop/Informacion-de-Prioridad/TEC/2024/Semestre_2/FAC/Evaluaciones/ProyectoGrupal1/-mvasquez-_compu_archi_found_2G1_2024/SPIorUARTconf/uart_rx.sv Line: 1
Info (12021): Found 1 design units, including 1 entities, in source file uart_fpga_top.sv
    Info (12023): Found entity 1: uart_fpga_top File: C:/Users/Adriel/Desktop/Informacion-de-Prioridad/TEC/2024/Semestre_2/FAC/Evaluaciones/ProyectoGrupal1/-mvasquez-_compu_archi_found_2G1_2024/SPIorUARTconf/uart_fpga_top.sv Line: 1
Info (12021): Found 1 design units, including 1 entities, in source file bcd_to_7segment.sv
    Info (12023): Found entity 1: BCD_to_7Segment File: C:/Users/Adriel/Desktop/Informacion-de-Prioridad/TEC/2024/Semestre_2/FAC/Evaluaciones/ProyectoGrupal1/-mvasquez-_compu_archi_found_2G1_2024/SPIorUARTconf/BCD_to_7Segment.sv Line: 1
Info (12127): Elaborating entity "uart_fpga_top" for the top level hierarchy
Info (12128): Elaborating entity "uart_tx" for hierarchy "uart_tx:uart_tx_inst" File: C:/Users/Adriel/Desktop/Informacion-de-Prioridad/TEC/2024/Semestre_2/FAC/Evaluaciones/ProyectoGrupal1/-mvasquez-_compu_archi_found_2G1_2024/SPIorUARTconf/uart_fpga_top.sv Line: 67
Warning (10036): Verilog HDL or VHDL warning at uart_tx.sv(24): object "r_Tx_Done" assigned a value but never read File: C:/Users/Adriel/Desktop/Informacion-de-Prioridad/TEC/2024/Semestre_2/FAC/Evaluaciones/ProyectoGrupal1/-mvasquez-_compu_archi_found_2G1_2024/SPIorUARTconf/uart_tx.sv Line: 24
Warning (10036): Verilog HDL or VHDL warning at uart_tx.sv(25): object "r_Tx_Active" assigned a value but never read File: C:/Users/Adriel/Desktop/Informacion-de-Prioridad/TEC/2024/Semestre_2/FAC/Evaluaciones/ProyectoGrupal1/-mvasquez-_compu_archi_found_2G1_2024/SPIorUARTconf/uart_tx.sv Line: 25
Warning (10230): Verilog HDL assignment warning at uart_tx.sv(50): truncated value with size 32 to match size of target (16) File: C:/Users/Adriel/Desktop/Informacion-de-Prioridad/TEC/2024/Semestre_2/FAC/Evaluaciones/ProyectoGrupal1/-mvasquez-_compu_archi_found_2G1_2024/SPIorUARTconf/uart_tx.sv Line: 50
Warning (10230): Verilog HDL assignment warning at uart_tx.sv(63): truncated value with size 32 to match size of target (16) File: C:/Users/Adriel/Desktop/Informacion-de-Prioridad/TEC/2024/Semestre_2/FAC/Evaluaciones/ProyectoGrupal1/-mvasquez-_compu_archi_found_2G1_2024/SPIorUARTconf/uart_tx.sv Line: 63
Warning (10230): Verilog HDL assignment warning at uart_tx.sv(70): truncated value with size 32 to match size of target (3) File: C:/Users/Adriel/Desktop/Informacion-de-Prioridad/TEC/2024/Semestre_2/FAC/Evaluaciones/ProyectoGrupal1/-mvasquez-_compu_archi_found_2G1_2024/SPIorUARTconf/uart_tx.sv Line: 70
Warning (10230): Verilog HDL assignment warning at uart_tx.sv(84): truncated value with size 32 to match size of target (16) File: C:/Users/Adriel/Desktop/Informacion-de-Prioridad/TEC/2024/Semestre_2/FAC/Evaluaciones/ProyectoGrupal1/-mvasquez-_compu_archi_found_2G1_2024/SPIorUARTconf/uart_tx.sv Line: 84
Info (12128): Elaborating entity "uart_rx" for hierarchy "uart_rx:uart_rx_inst" File: C:/Users/Adriel/Desktop/Informacion-de-Prioridad/TEC/2024/Semestre_2/FAC/Evaluaciones/ProyectoGrupal1/-mvasquez-_compu_archi_found_2G1_2024/SPIorUARTconf/uart_fpga_top.sv Line: 77
Info (286030): Timing-Driven Synthesis is running
Info (17049): 4 registers lost all their fanouts during netlist optimizations.
Info (16010): Generating hard_block partition "hard_block:auto_generated_inst"
    Info (16011): Adding 0 node(s), including 0 DDIO, 0 PLL, 0 transceiver and 0 LCELL
Info (21057): Implemented 131 device resources after synthesis - the final resource count might be different
    Info (21058): Implemented 12 input pins
    Info (21059): Implemented 9 output pins
    Info (21061): Implemented 110 logic cells
Info: Quartus Prime Analysis & Synthesis was successful. 0 errors, 7 warnings
    Info: Peak virtual memory: 4868 megabytes
    Info: Processing ended: Sat Oct 12 11:55:46 2024
    Info: Elapsed time: 00:00:06
    Info: Total CPU time (on all processors): 00:00:08


