Flow report for SerialCom
Thu Oct 24 12:34:22 2024
Quartus Prime Version 23.1std.1 Build 993 05/14/2024 SC Lite Edition


---------------------
; Table of Contents ;
---------------------
  1. Legal Notice
  2. Flow Summary
  3. Flow Settings
  4. Flow Non-Default Global Settings
  5. Flow Elapsed Time
  6. Flow OS Summary
  7. Flow Log
  8. Flow Messages
  9. Flow Suppressed Messages



----------------
; Legal Notice ;
----------------
Copyright (C) 2024  Intel Corporation. All rights reserved.
Your use of Intel Corporation's design tools, logic functions 
and other software and tools, and any partner logic 
functions, and any output files from any of the foregoing 
(including device programming or simulation files), and any 
associated documentation or information are expressly subject 
to the terms and conditions of the Intel Program License 
Subscription Agreement, the Intel Quartus Prime License Agreement,
the Intel FPGA IP License Agreement, or other applicable license
agreement, including, without limitation, that your use is for
the sole purpose of programming logic devices manufactured by
Intel and sold by Intel or its authorized distributors.  Please
refer to the applicable agreement for further details, at
https://fpgasoftware.intel.com/eula.



+----------------------------------------------------------------------------------+
; Flow Summary                                                                     ;
+---------------------------------+------------------------------------------------+
; Flow Status                     ; Successful - Thu Oct 24 12:34:22 2024          ;
; Quartus Prime Version           ; 23.1std.1 Build 993 05/14/2024 SC Lite Edition ;
; Revision Name                   ; SerialCom                                      ;
; Top-level Entity Name           ; PG1_FAC_Top                                    ;
; Family                          ; Cyclone V                                      ;
; Device                          ; 5CSXFC6D6F31C6                                 ;
; Timing Models                   ; Final                                          ;
; Logic utilization (in ALMs)     ; 176 / 41,910 ( < 1 % )                         ;
; Total registers                 ; 209                                            ;
; Total pins                      ; 54 / 499 ( 11 % )                              ;
; Total virtual pins              ; 0                                              ;
; Total block memory bits         ; 0 / 5,662,720 ( 0 % )                          ;
; Total DSP Blocks                ; 0 / 112 ( 0 % )                                ;
; Total HSSI RX PCSs              ; 0 / 9 ( 0 % )                                  ;
; Total HSSI PMA RX Deserializers ; 0 / 9 ( 0 % )                                  ;
; Total HSSI TX PCSs              ; 0 / 9 ( 0 % )                                  ;
; Total HSSI PMA TX Serializers   ; 0 / 9 ( 0 % )                                  ;
; Total PLLs                      ; 0 / 15 ( 0 % )                                 ;
; Total DLLs                      ; 0 / 4 ( 0 % )                                  ;
+---------------------------------+------------------------------------------------+


+-----------------------------------------+
; Flow Settings                           ;
+-------------------+---------------------+
; Option            ; Setting             ;
+-------------------+---------------------+
; Start date & time ; 10/24/2024 12:32:35 ;
; Main task         ; Compilation         ;
; Revision Name     ; SerialCom           ;
+-------------------+---------------------+


+-------------------------------------------------------------------------------------------------------------------------------------------------+
; Flow Non-Default Global Settings                                                                                                                ;
+--------------------------------------+----------------------------------------+---------------+-------------+-----------------------------------+
; Assignment Name                      ; Value                                  ; Default Value ; Entity Name ; Section Id                        ;
+--------------------------------------+----------------------------------------+---------------+-------------+-----------------------------------+
; COMPILER_SIGNATURE_ID                ; 88974387534477.172979475502264         ; --            ; --          ; --                                ;
; EDA_DESIGN_INSTANCE_NAME             ; NA                                     ; --            ; --          ; FSM_ALU_tb                        ;
; EDA_DESIGN_INSTANCE_NAME             ; NA                                     ; --            ; --          ; PWM_Generator_tb                  ;
; EDA_DESIGN_INSTANCE_NAME             ; NA                                     ; --            ; --          ; ALU_testbench                     ;
; EDA_DESIGN_INSTANCE_NAME             ; NA                                     ; --            ; --          ; uart_fpga_top_tb                  ;
; EDA_GENERATE_FUNCTIONAL_NETLIST      ; Off                                    ; --            ; --          ; eda_board_design_timing           ;
; EDA_GENERATE_FUNCTIONAL_NETLIST      ; Off                                    ; --            ; --          ; eda_board_design_boundary_scan    ;
; EDA_GENERATE_FUNCTIONAL_NETLIST      ; Off                                    ; --            ; --          ; eda_board_design_signal_integrity ;
; EDA_GENERATE_FUNCTIONAL_NETLIST      ; Off                                    ; --            ; --          ; eda_board_design_symbol           ;
; EDA_NATIVELINK_SIMULATION_TEST_BENCH ; ALU_testbench                          ; --            ; --          ; eda_simulation                    ;
; EDA_OUTPUT_DATA_FORMAT               ; Systemverilog Hdl                      ; --            ; --          ; eda_simulation                    ;
; EDA_SIMULATION_TOOL                  ; QuestaSim (SystemVerilog)              ; <None>        ; --          ; --                                ;
; EDA_TEST_BENCH_ENABLE_STATUS         ; TEST_BENCH_MODE                        ; --            ; --          ; eda_simulation                    ;
; EDA_TEST_BENCH_FILE                  ; FSM_ALU_tb.sv                          ; --            ; --          ; FSM_ALU_tb                        ;
; EDA_TEST_BENCH_FILE                  ; PWM_Generator_tb.sv                    ; --            ; --          ; PWM_Generator_tb                  ;
; EDA_TEST_BENCH_FILE                  ; ALU_testbench.sv                       ; --            ; --          ; ALU_testbench                     ;
; EDA_TEST_BENCH_FILE                  ; uart_fpga_top_tb.sv                    ; --            ; --          ; uart_fpga_top_tb                  ;
; EDA_TEST_BENCH_MODULE_NAME           ; FSM_ALU_tb                             ; --            ; --          ; FSM_ALU_tb                        ;
; EDA_TEST_BENCH_MODULE_NAME           ; PWM_Generator_tb                       ; --            ; --          ; PWM_Generator_tb                  ;
; EDA_TEST_BENCH_MODULE_NAME           ; ALU_testbench                          ; --            ; --          ; ALU_testbench                     ;
; EDA_TEST_BENCH_MODULE_NAME           ; uart_fpga_top_tb                       ; --            ; --          ; uart_fpga_top_tb                  ;
; EDA_TEST_BENCH_NAME                  ; uart_fpga_top_tb                       ; --            ; --          ; eda_simulation                    ;
; EDA_TEST_BENCH_NAME                  ; FSM_ALU_tb                             ; --            ; --          ; eda_simulation                    ;
; EDA_TEST_BENCH_NAME                  ; PWM_Generator_tb                       ; --            ; --          ; eda_simulation                    ;
; EDA_TEST_BENCH_NAME                  ; ALU_testbench                          ; --            ; --          ; eda_simulation                    ;
; EDA_TIME_SCALE                       ; 1 ps                                   ; --            ; --          ; eda_simulation                    ;
; MAX_CORE_JUNCTION_TEMP               ; 85                                     ; --            ; --          ; --                                ;
; MIN_CORE_JUNCTION_TEMP               ; 0                                      ; --            ; --          ; --                                ;
; PARTITION_COLOR                      ; -- (Not supported for targeted family) ; --            ; PG1_FAC_Top ; Top                               ;
; PARTITION_FITTER_PRESERVATION_LEVEL  ; -- (Not supported for targeted family) ; --            ; PG1_FAC_Top ; Top                               ;
; PARTITION_NETLIST_TYPE               ; -- (Not supported for targeted family) ; --            ; PG1_FAC_Top ; Top                               ;
; POWER_BOARD_THERMAL_MODEL            ; None (CONSERVATIVE)                    ; --            ; --          ; --                                ;
; POWER_PRESET_COOLING_SOLUTION        ; 23 MM HEAT SINK WITH 200 LFPM AIRFLOW  ; --            ; --          ; --                                ;
; PROJECT_OUTPUT_DIRECTORY             ; output_files                           ; --            ; --          ; --                                ;
; TOP_LEVEL_ENTITY                     ; PG1_FAC_Top                            ; SerialCom     ; --          ; --                                ;
+--------------------------------------+----------------------------------------+---------------+-------------+-----------------------------------+


+--------------------------------------------------------------------------------------------------------------------------+
; Flow Elapsed Time                                                                                                        ;
+----------------------+--------------+-------------------------+---------------------+------------------------------------+
; Module Name          ; Elapsed Time ; Average Processors Used ; Peak Virtual Memory ; Total CPU Time (on all processors) ;
+----------------------+--------------+-------------------------+---------------------+------------------------------------+
; Analysis & Synthesis ; 00:00:11     ; 1.0                     ; 4907 MB             ; 00:00:10                           ;
; Fitter               ; 00:01:18     ; 1.0                     ; 7262 MB             ; 00:01:38                           ;
; Assembler            ; 00:00:06     ; 1.0                     ; 4873 MB             ; 00:00:04                           ;
; Timing Analyzer      ; 00:00:06     ; 1.4                     ; 5250 MB             ; 00:00:03                           ;
; EDA Netlist Writer   ; 00:00:01     ; 1.0                     ; 4732 MB             ; 00:00:01                           ;
; Total                ; 00:01:42     ; --                      ; --                  ; 00:01:56                           ;
+----------------------+--------------+-------------------------+---------------------+------------------------------------+


+------------------------------------------------------------------------------------+
; Flow OS Summary                                                                    ;
+----------------------+------------------+------------+------------+----------------+
; Module Name          ; Machine Hostname ; OS Name    ; OS Version ; Processor type ;
+----------------------+------------------+------------+------------+----------------+
; Analysis & Synthesis ; LAPTOP-ICD23SFH  ; Windows 10 ; 10.0       ; x86_64         ;
; Fitter               ; LAPTOP-ICD23SFH  ; Windows 10 ; 10.0       ; x86_64         ;
; Assembler            ; LAPTOP-ICD23SFH  ; Windows 10 ; 10.0       ; x86_64         ;
; Timing Analyzer      ; LAPTOP-ICD23SFH  ; Windows 10 ; 10.0       ; x86_64         ;
; EDA Netlist Writer   ; LAPTOP-ICD23SFH  ; Windows 10 ; 10.0       ; x86_64         ;
+----------------------+------------------+------------+------------+----------------+


------------
; Flow Log ;
------------
quartus_map --read_settings_files=on --write_settings_files=off SerialCom -c SerialCom
quartus_fit --read_settings_files=off --write_settings_files=off SerialCom -c SerialCom
quartus_asm --read_settings_files=off --write_settings_files=off SerialCom -c SerialCom
quartus_sta SerialCom -c SerialCom
quartus_eda --read_settings_files=off --write_settings_files=off SerialCom -c SerialCom



