Analysis & Elaboration report for ProyectoGrupal1
Tue Oct 22 14:29:59 2024
Quartus Prime Version 20.1.0 Build 711 06/05/2020 SJ Lite Edition


---------------------
; Table of Contents ;
---------------------
  1. Legal Notice
  2. Analysis & Elaboration Summary
  3. Parallel Compilation
  4. Analysis & Elaboration Settings
  5. Port Connectivity Checks: "lessthan:lessthan_2"
  6. Port Connectivity Checks: "fulladderOP:fulladder4"
  7. Port Connectivity Checks: "fulladderOP:fulladder3"
  8. Port Connectivity Checks: "fulladderOP:fulladder2"
  9. Port Connectivity Checks: "fulladderOP:fulladder1"
 10. Port Connectivity Checks: "mux2a1:mux2a1_4"
 11. Port Connectivity Checks: "mux2a1:mux2a1_3"
 12. Port Connectivity Checks: "mux2a1:mux2a1_2"
 13. Port Connectivity Checks: "mux2a1:mux2a1_1"
 14. Port Connectivity Checks: "lessthan:lessthan_1|fulladderOP:fulladder4"
 15. Port Connectivity Checks: "lessthan:lessthan_1|fulladderOP:fulladder3"
 16. Port Connectivity Checks: "lessthan:lessthan_1|fulladderOP:fulladder2"
 17. Port Connectivity Checks: "lessthan:lessthan_1|fulladderOP:fulladder1"
 18. Port Connectivity Checks: "lessthan:lessthan_1"
 19. Analysis & Elaboration Messages



----------------
; Legal Notice ;
----------------
Copyright (C) 2020  Intel Corporation. All rights reserved.
Your use of Intel Corporation's design tools, logic functions 
and other software and tools, and any partner logic 
functions, and any output files from any of the foregoing 
(including device programming or simulation files), and any 
associated documentation or information are expressly subject 
to the terms and conditions of the Intel Program License 
Subscription Agreement, the Intel Quartus Prime License Agreement,
the Intel FPGA IP License Agreement, or other applicable license
agreement, including, without limitation, that your use is for
the sole purpose of programming logic devices manufactured by
Intel and sold by Intel or its authorized distributors.  Please
refer to the applicable agreement for further details, at
https://fpgasoftware.intel.com/eula.



+-----------------------------------------------------------------------------+
; Analysis & Elaboration Summary                                              ;
+-------------------------------+---------------------------------------------+
; Analysis & Elaboration Status ; Successful - Tue Oct 22 14:29:59 2024       ;
; Quartus Prime Version         ; 20.1.0 Build 711 06/05/2020 SJ Lite Edition ;
; Revision Name                 ; ProyectoGrupal1                             ;
; Top-level Entity Name         ; PWM_Generator                               ;
; Family                        ; Cyclone V                                   ;
; Logic utilization (in ALMs)   ; N/A until Partition Merge                   ;
; Total registers               ; N/A until Partition Merge                   ;
; Total pins                    ; N/A until Partition Merge                   ;
; Total virtual pins            ; N/A until Partition Merge                   ;
; Total block memory bits       ; N/A until Partition Merge                   ;
; Total PLLs                    ; N/A until Partition Merge                   ;
; Total DLLs                    ; N/A until Partition Merge                   ;
+-------------------------------+---------------------------------------------+


+------------------------------------------+
; Parallel Compilation                     ;
+----------------------------+-------------+
; Processors                 ; Number      ;
+----------------------------+-------------+
; Number detected on machine ; 8           ;
; Maximum allowed            ; 4           ;
;                            ;             ;
; Average used               ; 1.00        ;
; Maximum used               ; 1           ;
;                            ;             ;
; Usage by Processor         ; % Time Used ;
;     Processor 1            ; 100.0%      ;
+----------------------------+-------------+


+---------------------------------------------------------------------------------------------------------------------------+
; Analysis & Elaboration Settings                                                                                           ;
+---------------------------------------------------------------------------------+--------------------+--------------------+
; Option                                                                          ; Setting            ; Default Value      ;
+---------------------------------------------------------------------------------+--------------------+--------------------+
; Device                                                                          ; 5CSXFC6D6F31C6     ;                    ;
; Top-level entity name                                                           ; PWM_Generator      ; ProyectoGrupal1    ;
; Family name                                                                     ; Cyclone V          ; Cyclone V          ;
; Use smart compilation                                                           ; Off                ; Off                ;
; Enable parallel Assembler and Timing Analyzer during compilation                ; On                 ; On                 ;
; Enable compact report table                                                     ; Off                ; Off                ;
; Restructure Multiplexers                                                        ; Auto               ; Auto               ;
; MLAB Add Timing Constraints For Mixed-Port Feed-Through Mode Setting Don't Care ; Off                ; Off                ;
; Create Debugging Nodes for IP Cores                                             ; Off                ; Off                ;
; Preserve fewer node names                                                       ; On                 ; On                 ;
; Intel FPGA IP Evaluation Mode                                                   ; Enable             ; Enable             ;
; Verilog Version                                                                 ; Verilog_2001       ; Verilog_2001       ;
; VHDL Version                                                                    ; VHDL_1993          ; VHDL_1993          ;
; State Machine Processing                                                        ; Auto               ; Auto               ;
; Safe State Machine                                                              ; Off                ; Off                ;
; Extract Verilog State Machines                                                  ; On                 ; On                 ;
; Extract VHDL State Machines                                                     ; On                 ; On                 ;
; Ignore Verilog initial constructs                                               ; Off                ; Off                ;
; Iteration limit for constant Verilog loops                                      ; 5000               ; 5000               ;
; Iteration limit for non-constant Verilog loops                                  ; 250                ; 250                ;
; Add Pass-Through Logic to Inferred RAMs                                         ; On                 ; On                 ;
; Infer RAMs from Raw Logic                                                       ; On                 ; On                 ;
; Parallel Synthesis                                                              ; On                 ; On                 ;
; DSP Block Balancing                                                             ; Auto               ; Auto               ;
; NOT Gate Push-Back                                                              ; On                 ; On                 ;
; Power-Up Don't Care                                                             ; On                 ; On                 ;
; Remove Redundant Logic Cells                                                    ; Off                ; Off                ;
; Remove Duplicate Registers                                                      ; On                 ; On                 ;
; Ignore CARRY Buffers                                                            ; Off                ; Off                ;
; Ignore CASCADE Buffers                                                          ; Off                ; Off                ;
; Ignore GLOBAL Buffers                                                           ; Off                ; Off                ;
; Ignore ROW GLOBAL Buffers                                                       ; Off                ; Off                ;
; Ignore LCELL Buffers                                                            ; Off                ; Off                ;
; Ignore SOFT Buffers                                                             ; On                 ; On                 ;
; Limit AHDL Integers to 32 Bits                                                  ; Off                ; Off                ;
; Optimization Technique                                                          ; Balanced           ; Balanced           ;
; Carry Chain Length                                                              ; 70                 ; 70                 ;
; Auto Carry Chains                                                               ; On                 ; On                 ;
; Auto Open-Drain Pins                                                            ; On                 ; On                 ;
; Perform WYSIWYG Primitive Resynthesis                                           ; Off                ; Off                ;
; Auto ROM Replacement                                                            ; On                 ; On                 ;
; Auto RAM Replacement                                                            ; On                 ; On                 ;
; Auto DSP Block Replacement                                                      ; On                 ; On                 ;
; Auto Shift Register Replacement                                                 ; Auto               ; Auto               ;
; Allow Shift Register Merging across Hierarchies                                 ; Auto               ; Auto               ;
; Auto Clock Enable Replacement                                                   ; On                 ; On                 ;
; Strict RAM Replacement                                                          ; Off                ; Off                ;
; Allow Synchronous Control Signals                                               ; On                 ; On                 ;
; Force Use of Synchronous Clear Signals                                          ; Off                ; Off                ;
; Auto Resource Sharing                                                           ; Off                ; Off                ;
; Allow Any RAM Size For Recognition                                              ; Off                ; Off                ;
; Allow Any ROM Size For Recognition                                              ; Off                ; Off                ;
; Allow Any Shift Register Size For Recognition                                   ; Off                ; Off                ;
; Use LogicLock Constraints during Resource Balancing                             ; On                 ; On                 ;
; Ignore translate_off and synthesis_off directives                               ; Off                ; Off                ;
; Timing-Driven Synthesis                                                         ; On                 ; On                 ;
; Report Parameter Settings                                                       ; On                 ; On                 ;
; Report Source Assignments                                                       ; On                 ; On                 ;
; Report Connectivity Checks                                                      ; On                 ; On                 ;
; Ignore Maximum Fan-Out Assignments                                              ; Off                ; Off                ;
; Synchronization Register Chain Length                                           ; 3                  ; 3                  ;
; Power Optimization During Synthesis                                             ; Normal compilation ; Normal compilation ;
; HDL message level                                                               ; Level2             ; Level2             ;
; Suppress Register Optimization Related Messages                                 ; Off                ; Off                ;
; Number of Removed Registers Reported in Synthesis Report                        ; 5000               ; 5000               ;
; Number of Swept Nodes Reported in Synthesis Report                              ; 5000               ; 5000               ;
; Number of Inverted Registers Reported in Synthesis Report                       ; 100                ; 100                ;
; Clock MUX Protection                                                            ; On                 ; On                 ;
; Auto Gated Clock Conversion                                                     ; Off                ; Off                ;
; Block Design Naming                                                             ; Auto               ; Auto               ;
; SDC constraint protection                                                       ; Off                ; Off                ;
; Synthesis Effort                                                                ; Auto               ; Auto               ;
; Shift Register Replacement - Allow Asynchronous Clear Signal                    ; On                 ; On                 ;
; Pre-Mapping Resynthesis Optimization                                            ; Off                ; Off                ;
; Analysis & Synthesis Message Level                                              ; Medium             ; Medium             ;
; Disable Register Merging Across Hierarchies                                     ; Auto               ; Auto               ;
; Resource Aware Inference For Block RAM                                          ; On                 ; On                 ;
; Automatic Parallel Synthesis                                                    ; On                 ; On                 ;
; Partial Reconfiguration Bitstream ID                                            ; Off                ; Off                ;
+---------------------------------------------------------------------------------+--------------------+--------------------+


+-------------------------------------------------+
; Port Connectivity Checks: "lessthan:lessthan_2" ;
+------+-------+----------+-----------------------+
; Port ; Type  ; Severity ; Details               ;
+------+-------+----------+-----------------------+
; B[3] ; Input ; Info     ; Stuck at GND          ;
; B[0] ; Input ; Info     ; Stuck at GND          ;
+------+-------+----------+-----------------------+


+-------------------------------------------------------------------------------------------------------------------------------------+
; Port Connectivity Checks: "fulladderOP:fulladder4"                                                                                  ;
+------+--------+----------+----------------------------------------------------------------------------------------------------------+
; Port ; Type   ; Severity ; Details                                                                                                  ;
+------+--------+----------+----------------------------------------------------------------------------------------------------------+
; b    ; Input  ; Info     ; Stuck at GND                                                                                             ;
; cout ; Output ; Warning  ; Declared by entity but not connected by instance. Logic that only feeds a dangling port will be removed. ;
+------+--------+----------+----------------------------------------------------------------------------------------------------------+


+----------------------------------------------------+
; Port Connectivity Checks: "fulladderOP:fulladder3" ;
+------+-------+----------+--------------------------+
; Port ; Type  ; Severity ; Details                  ;
+------+-------+----------+--------------------------+
; b    ; Input ; Info     ; Stuck at GND             ;
+------+-------+----------+--------------------------+


+----------------------------------------------------+
; Port Connectivity Checks: "fulladderOP:fulladder2" ;
+------+-------+----------+--------------------------+
; Port ; Type  ; Severity ; Details                  ;
+------+-------+----------+--------------------------+
; b    ; Input ; Info     ; Stuck at GND             ;
+------+-------+----------+--------------------------+


+----------------------------------------------------+
; Port Connectivity Checks: "fulladderOP:fulladder1" ;
+------+-------+----------+--------------------------+
; Port ; Type  ; Severity ; Details                  ;
+------+-------+----------+--------------------------+
; b    ; Input ; Info     ; Stuck at VCC             ;
; cin  ; Input ; Info     ; Stuck at GND             ;
+------+-------+----------+--------------------------+


+---------------------------------------------+
; Port Connectivity Checks: "mux2a1:mux2a1_4" ;
+------+-------+----------+-------------------+
; Port ; Type  ; Severity ; Details           ;
+------+-------+----------+-------------------+
; a    ; Input ; Info     ; Stuck at GND      ;
+------+-------+----------+-------------------+


+---------------------------------------------+
; Port Connectivity Checks: "mux2a1:mux2a1_3" ;
+------+-------+----------+-------------------+
; Port ; Type  ; Severity ; Details           ;
+------+-------+----------+-------------------+
; a    ; Input ; Info     ; Stuck at GND      ;
+------+-------+----------+-------------------+


+---------------------------------------------+
; Port Connectivity Checks: "mux2a1:mux2a1_2" ;
+------+-------+----------+-------------------+
; Port ; Type  ; Severity ; Details           ;
+------+-------+----------+-------------------+
; a    ; Input ; Info     ; Stuck at GND      ;
+------+-------+----------+-------------------+


+---------------------------------------------+
; Port Connectivity Checks: "mux2a1:mux2a1_1" ;
+------+-------+----------+-------------------+
; Port ; Type  ; Severity ; Details           ;
+------+-------+----------+-------------------+
; a    ; Input ; Info     ; Stuck at GND      ;
+------+-------+----------+-------------------+


+-------------------------------------------------------------------------------------------------------------------------------------+
; Port Connectivity Checks: "lessthan:lessthan_1|fulladderOP:fulladder4"                                                              ;
+------+--------+----------+----------------------------------------------------------------------------------------------------------+
; Port ; Type   ; Severity ; Details                                                                                                  ;
+------+--------+----------+----------------------------------------------------------------------------------------------------------+
; cout ; Output ; Warning  ; Declared by entity but not connected by instance. Logic that only feeds a dangling port will be removed. ;
+------+--------+----------+----------------------------------------------------------------------------------------------------------+


+-------------------------------------------------------------------------------------------------------------------------------------+
; Port Connectivity Checks: "lessthan:lessthan_1|fulladderOP:fulladder3"                                                              ;
+------+--------+----------+----------------------------------------------------------------------------------------------------------+
; Port ; Type   ; Severity ; Details                                                                                                  ;
+------+--------+----------+----------------------------------------------------------------------------------------------------------+
; s    ; Output ; Warning  ; Declared by entity but not connected by instance. Logic that only feeds a dangling port will be removed. ;
+------+--------+----------+----------------------------------------------------------------------------------------------------------+


+-------------------------------------------------------------------------------------------------------------------------------------+
; Port Connectivity Checks: "lessthan:lessthan_1|fulladderOP:fulladder2"                                                              ;
+------+--------+----------+----------------------------------------------------------------------------------------------------------+
; Port ; Type   ; Severity ; Details                                                                                                  ;
+------+--------+----------+----------------------------------------------------------------------------------------------------------+
; s    ; Output ; Warning  ; Declared by entity but not connected by instance. Logic that only feeds a dangling port will be removed. ;
+------+--------+----------+----------------------------------------------------------------------------------------------------------+


+-------------------------------------------------------------------------------------------------------------------------------------+
; Port Connectivity Checks: "lessthan:lessthan_1|fulladderOP:fulladder1"                                                              ;
+------+--------+----------+----------------------------------------------------------------------------------------------------------+
; Port ; Type   ; Severity ; Details                                                                                                  ;
+------+--------+----------+----------------------------------------------------------------------------------------------------------+
; cin  ; Input  ; Info     ; Stuck at VCC                                                                                             ;
; s    ; Output ; Warning  ; Declared by entity but not connected by instance. Logic that only feeds a dangling port will be removed. ;
+------+--------+----------+----------------------------------------------------------------------------------------------------------+


+-------------------------------------------------+
; Port Connectivity Checks: "lessthan:lessthan_1" ;
+---------+-------+----------+--------------------+
; Port    ; Type  ; Severity ; Details            ;
+---------+-------+----------+--------------------+
; B[2..0] ; Input ; Info     ; Stuck at VCC       ;
; B[3]    ; Input ; Info     ; Stuck at GND       ;
+---------+-------+----------+--------------------+


+---------------------------------+
; Analysis & Elaboration Messages ;
+---------------------------------+
Info: *******************************************************************
Info: Running Quartus Prime Analysis & Elaboration
    Info: Version 20.1.0 Build 711 06/05/2020 SJ Lite Edition
    Info: Processing started: Tue Oct 22 14:29:51 2024
Info: Command: quartus_map --read_settings_files=on --write_settings_files=off ProyectoGrupal1 -c ProyectoGrupal1 --analysis_and_elaboration
Warning (18236): Number of processors has not been specified which may cause overloading on shared machines.  Set the global assignment NUM_PARALLEL_PROCESSORS in your QSF to an appropriate value for best performance.
Info (20030): Parallel compilation is enabled and will use 4 of the 4 processors detected
Info (12021): Found 1 design units, including 1 entities, in source file andop.sv
    Info (12023): Found entity 1: andOP File: C:/FUNDA/-mvasquez-_compu_archi_found_2G1_2024/ProyectoGrupal1/andOP.sv Line: 1
Info (12021): Found 1 design units, including 1 entities, in source file orop.sv
    Info (12023): Found entity 1: orOP File: C:/FUNDA/-mvasquez-_compu_archi_found_2G1_2024/ProyectoGrupal1/orOP.sv Line: 1
Info (12021): Found 1 design units, including 1 entities, in source file fulladderop.sv
    Info (12023): Found entity 1: fulladderOP File: C:/FUNDA/-mvasquez-_compu_archi_found_2G1_2024/ProyectoGrupal1/fulladderOP.sv Line: 1
Info (12021): Found 1 design units, including 1 entities, in source file fulladder2bits.sv
    Info (12023): Found entity 1: fulladder2Bits File: C:/FUNDA/-mvasquez-_compu_archi_found_2G1_2024/ProyectoGrupal1/fulladder2Bits.sv Line: 1
Info (12021): Found 1 design units, including 1 entities, in source file mux2a1.sv
    Info (12023): Found entity 1: mux2a1 File: C:/FUNDA/-mvasquez-_compu_archi_found_2G1_2024/ProyectoGrupal1/mux2a1.sv Line: 1
Info (12021): Found 1 design units, including 1 entities, in source file mux8a2.sv
    Info (12023): Found entity 1: mux8a2 File: C:/FUNDA/-mvasquez-_compu_archi_found_2G1_2024/ProyectoGrupal1/mux8a2.sv Line: 1
Info (12021): Found 1 design units, including 1 entities, in source file alu.sv
    Info (12023): Found entity 1: ALU File: C:/FUNDA/-mvasquez-_compu_archi_found_2G1_2024/ProyectoGrupal1/ALU.sv Line: 1
Info (12021): Found 1 design units, including 1 entities, in source file alu_testbench.sv
    Info (12023): Found entity 1: ALU_testbench File: C:/FUNDA/-mvasquez-_compu_archi_found_2G1_2024/ProyectoGrupal1/ALU_testbench.sv Line: 1
Info (12021): Found 1 design units, including 1 entities, in source file pwm_generator.sv
    Info (12023): Found entity 1: PWM_Generator File: C:/FUNDA/-mvasquez-_compu_archi_found_2G1_2024/ProyectoGrupal1/PWM_Generator.sv Line: 1
Info (12021): Found 1 design units, including 1 entities, in source file pwm_generator_tb.sv
    Info (12023): Found entity 1: PWM_Generator_tb File: C:/FUNDA/-mvasquez-_compu_archi_found_2G1_2024/ProyectoGrupal1/PWM_Generator_tb.sv Line: 1
Info (12021): Found 1 design units, including 1 entities, in source file register.sv
    Info (12023): Found entity 1: register File: C:/FUNDA/-mvasquez-_compu_archi_found_2G1_2024/ProyectoGrupal1/register.sv Line: 1
Info (12021): Found 1 design units, including 1 entities, in source file lessthan.sv
    Info (12023): Found entity 1: lessthan File: C:/FUNDA/-mvasquez-_compu_archi_found_2G1_2024/ProyectoGrupal1/lessthan.sv Line: 1
Info (12127): Elaborating entity "PWM_Generator" for the top level hierarchy
Info (12128): Elaborating entity "lessthan" for hierarchy "lessthan:lessthan_1" File: C:/FUNDA/-mvasquez-_compu_archi_found_2G1_2024/ProyectoGrupal1/PWM_Generator.sv Line: 9
Info (12128): Elaborating entity "fulladderOP" for hierarchy "lessthan:lessthan_1|fulladderOP:fulladder1" File: C:/FUNDA/-mvasquez-_compu_archi_found_2G1_2024/ProyectoGrupal1/lessthan.sv Line: 5
Info (12128): Elaborating entity "mux2a1" for hierarchy "mux2a1:mux2a1_1" File: C:/FUNDA/-mvasquez-_compu_archi_found_2G1_2024/ProyectoGrupal1/PWM_Generator.sv Line: 11
Info (12128): Elaborating entity "register" for hierarchy "register:register" File: C:/FUNDA/-mvasquez-_compu_archi_found_2G1_2024/ProyectoGrupal1/PWM_Generator.sv Line: 22
Warning (12241): 5 hierarchies have connectivity warnings - see the Connectivity Checks report folder
Info: Quartus Prime Analysis & Elaboration was successful. 0 errors, 2 warnings
    Info: Peak virtual memory: 4767 megabytes
    Info: Processing ended: Tue Oct 22 14:29:59 2024
    Info: Elapsed time: 00:00:08
    Info: Total CPU time (on all processors): 00:00:07


